<?xml version="1.0" encoding="UTF-8"?>
<testng-results skipped="0" failed="0" ignored="0" total="1" passed="1">
  <reporter-output>
    <line>
      <![CDATA[Setting up report and test is getting ready]]>
    </line>
    <line>
      <![CDATA[Setting done :-Test can be started]]>
    </line>
    <line>
      <![CDATA[Try to start browser and getting application ready]]>
    </line>
    <line>
      <![CDATA[Browser and Application up and running]]>
    </line>
    <line>
      <![CDATA[Test is about to end]]>
    </line>
    <line>
      <![CDATA[Test compleated >>>>report generated]]>
    </line>
  </reporter-output>
  <suite name="Suite" duration-ms="21885" started-at="2023-03-01T16:09:11Z" finished-at="2023-03-01T16:09:33Z">
    <groups>
    </groups>
    <test name="Test" duration-ms="21885" started-at="2023-03-01T16:09:11Z" finished-at="2023-03-01T16:09:33Z">
      <class name="com.learnautomation.testcases.LoginTestCRM">
        <test-method status="PASS" signature="setupSuit()[pri:0, instance:com.learnautomation.testcases.LoginTestCRM@75c072cb]" name="setupSuit" is-config="true" duration-ms="986" started-at="2023-03-01T16:09:10Z" finished-at="2023-03-01T16:09:11Z">
          <reporter-output>
            <line>
              <![CDATA[Setting up report and test is getting ready]]>
            </line>
            <line>
              <![CDATA[Setting done :-Test can be started]]>
            </line>
          </reporter-output>
        </test-method> <!-- setupSuit -->
        <test-method status="PASS" signature="setup()[pri:0, instance:com.learnautomation.testcases.LoginTestCRM@75c072cb]" name="setup" is-config="true" duration-ms="10538" started-at="2023-03-01T16:09:11Z" finished-at="2023-03-01T16:09:22Z">
          <reporter-output>
            <line>
              <![CDATA[Try to start browser and getting application ready]]>
            </line>
            <line>
              <![CDATA[Browser and Application up and running]]>
            </line>
          </reporter-output>
        </test-method> <!-- setup -->
        <test-method status="PASS" signature="loginApp()[pri:0, instance:com.learnautomation.testcases.LoginTestCRM@75c072cb]" name="loginApp" duration-ms="9559" started-at="2023-03-01T16:09:22Z" finished-at="2023-03-01T16:09:31Z">
          <reporter-output>
          </reporter-output>
        </test-method> <!-- loginApp -->
        <test-method status="PASS" signature="tearDownMethod(org.testng.ITestResult)[pri:0, instance:com.learnautomation.testcases.LoginTestCRM@75c072cb]" name="tearDownMethod" is-config="true" duration-ms="890" started-at="2023-03-01T16:09:31Z" finished-at="2023-03-01T16:09:32Z">
          <params>
            <param index="0">
              <value>
                <![CDATA[[TestResult name=loginApp status=SUCCESS method=LoginTestCRM.loginApp()[pri:0, instance:com.learnautomation.testcases.LoginTestCRM@75c072cb] output={null}]]]>
              </value>
            </param>
          </params>
          <reporter-output>
            <line>
              <![CDATA[Test is about to end]]>
            </line>
            <line>
              <![CDATA[Test compleated >>>>report generated]]>
            </line>
          </reporter-output>
        </test-method> <!-- tearDownMethod -->
        <test-method status="PASS" signature="tearDown()[pri:0, instance:com.learnautomation.testcases.LoginTestCRM@75c072cb]" name="tearDown" is-config="true" duration-ms="847" started-at="2023-03-01T16:09:32Z" finished-at="2023-03-01T16:09:33Z">
          <reporter-output>
          </reporter-output>
        </test-method> <!-- tearDown -->
      </class> <!-- com.learnautomation.testcases.LoginTestCRM -->
    </test> <!-- Test -->
  </suite> <!-- Suite -->
</testng-results>
